<?xml version="1.0" encoding="UTF-8"?>
<!-- Generated by org.testng.reporters.JUnitXMLReporter -->
<testsuite hostname="gurenderkush" ignored="0" name="Subscribe APP Functionality" tests="1" failures="0" timestamp="28 Sep 2019 08:31:25 GMT" time="2.881" errors="0">
  <testcase name="@BeforeSuite beforeSuite" time="0.022" classname="com.AutoBots.cucumber.testrunner.RunCucumberFeatures">
    <failure type="java.io.FileNotFoundException" message="D:\eclipse-workspace\AutoBots\src\main\java\com\AutoBots\resources\Debug_OR.json (The system cannot find the path specified)">
      <![CDATA[java.io.FileNotFoundException: D:\eclipse-workspace\AutoBots\src\main\java\com\AutoBots\resources\Debug_OR.json (The system cannot find the path specified)at java.io.FileInputStream.open0(Native Method)at java.io.FileInputStream.open(Unknown Source)at java.io.FileInputStream.<init>(Unknown Source)at java.io.FileInputStream.<init>(Unknown Source)at java.io.FileReader.<init>(Unknown Source)at com.AutoBots.cucumber.testrunner.RunCucumberFeatures.beforeSuite(RunCucumberFeatures.java:53)... Removed 20 stack frames]]>
    </failure>
  </testcase> <!-- @BeforeSuite beforeSuite -->
  <testcase name="feature" time="0.0" classname="com.github.mkolisnyk.cucumber.runner.ExtendedTestNGRunner">
    <skipped/>
  </testcase> <!-- feature -->
</testsuite> <!-- Subscribe APP Functionality -->
