<?xml version="1.0" encoding="UTF-8"?>
<testng-results skipped="1" failed="0" ignored="0" total="1" passed="0">
  <reporter-output>
  </reporter-output>
  <suite name="Suite" duration-ms="2881" started-at="2019-09-28T08:31:22Z" finished-at="2019-09-28T08:31:25Z">
    <groups>
      <group name="cucumber">
        <method signature="ExtendedTestNGRunner.feature(cucumber.api.testng.CucumberFeatureWrapper)[pri:0, instance:com.AutoBots.cucumber.testrunner.RunCucumberFeatures@3e77a1ed]" name="feature" class="com.github.mkolisnyk.cucumber.runner.ExtendedTestNGRunner"/>
      </group> <!-- cucumber -->
    </groups>
    <test name="Subscribe APP Functionality" duration-ms="2881" started-at="2019-09-28T08:31:22Z" finished-at="2019-09-28T08:31:25Z">
      <class name="com.AutoBots.cucumber.testrunner.RunCucumberFeatures">
        <test-method status="FAIL" signature="beforeSuite(java.lang.String)[pri:0, instance:com.AutoBots.cucumber.testrunner.RunCucumberFeatures@3e77a1ed]" name="beforeSuite" is-config="true" duration-ms="22" started-at="2019-09-28T14:01:22Z" finished-at="2019-09-28T14:01:22Z">
          <params>
            <param index="0">
              <value>
                <![CDATA[debug]]>
              </value>
            </param>
          </params>
          <exception class="java.io.FileNotFoundException">
            <message>
              <![CDATA[D:\eclipse-workspace\AutoBots\src\main\java\com\AutoBots\resources\Debug_OR.json (The system cannot find the path specified)]]>
            </message>
            <full-stacktrace>
              <![CDATA[java.io.FileNotFoundException: D:\eclipse-workspace\AutoBots\src\main\java\com\AutoBots\resources\Debug_OR.json (The system cannot find the path specified)at java.io.FileInputStream.open0(Native Method)at java.io.FileInputStream.open(Unknown Source)at java.io.FileInputStream.<init>(Unknown Source)at java.io.FileInputStream.<init>(Unknown Source)at java.io.FileReader.<init>(Unknown Source)at com.AutoBots.cucumber.testrunner.RunCucumberFeatures.beforeSuite(RunCucumberFeatures.java:53)at sun.reflect.NativeMethodAccessorImpl.invoke0(Native Method)at sun.reflect.NativeMethodAccessorImpl.invoke(Unknown Source)at sun.reflect.DelegatingMethodAccessorImpl.invoke(Unknown Source)at java.lang.reflect.Method.invoke(Unknown Source)at org.testng.internal.MethodInvocationHelper.invokeMethod(MethodInvocationHelper.java:124)at org.testng.internal.MethodInvocationHelper.invokeMethodConsideringTimeout(MethodInvocationHelper.java:59)at org.testng.internal.Invoker.invokeConfigurationMethod(Invoker.java:451)at org.testng.internal.Invoker.invokeConfigurations(Invoker.java:222)at org.testng.internal.Invoker.invokeConfigurations(Invoker.java:142)at org.testng.SuiteRunner.privateRun(SuiteRunner.java:401)at org.testng.SuiteRunner.run(SuiteRunner.java:364)at org.testng.SuiteRunnerWorker.runSuite(SuiteRunnerWorker.java:52)at org.testng.SuiteRunnerWorker.run(SuiteRunnerWorker.java:84)at org.testng.TestNG.runSuitesSequentially(TestNG.java:1187)at org.testng.TestNG.runSuitesLocally(TestNG.java:1116)at org.testng.TestNG.runSuites(TestNG.java:1028)at org.testng.TestNG.run(TestNG.java:996)at org.testng.remote.AbstractRemoteTestNG.run(AbstractRemoteTestNG.java:115)at org.testng.remote.RemoteTestNG.initAndRun(RemoteTestNG.java:251)at org.testng.remote.RemoteTestNG.main(RemoteTestNG.java:77)]]>
            </full-stacktrace>
          </exception> <!-- java.io.FileNotFoundException -->
          <reporter-output>
          </reporter-output>
        </test-method> <!-- beforeSuite -->
        <test-method status="PASS" signature="setUpClass()[pri:0, instance:com.AutoBots.cucumber.testrunner.RunCucumberFeatures@3e77a1ed]" name="setUpClass" is-config="true" duration-ms="328" started-at="2019-09-28T14:01:22Z" finished-at="2019-09-28T14:01:22Z">
          <reporter-output>
          </reporter-output>
        </test-method> <!-- setUpClass -->
        <test-method status="SKIP" signature="feature(cucumber.api.testng.CucumberFeatureWrapper)[pri:0, instance:com.AutoBots.cucumber.testrunner.RunCucumberFeatures@3e77a1ed]" name="feature" duration-ms="0" started-at="2019-09-28T14:01:23Z" description="Runs Cucumber Feature" data-provider="features" finished-at="2019-09-28T14:01:23Z">
          <exception class="java.io.FileNotFoundException">
            <message>
              <![CDATA[D:\eclipse-workspace\AutoBots\src\main\java\com\AutoBots\resources\Debug_OR.json (The system cannot find the path specified)]]>
            </message>
            <full-stacktrace>
              <![CDATA[java.io.FileNotFoundException: D:\eclipse-workspace\AutoBots\src\main\java\com\AutoBots\resources\Debug_OR.json (The system cannot find the path specified)at java.io.FileInputStream.open0(Native Method)at java.io.FileInputStream.open(Unknown Source)at java.io.FileInputStream.<init>(Unknown Source)at java.io.FileInputStream.<init>(Unknown Source)at java.io.FileReader.<init>(Unknown Source)at com.AutoBots.cucumber.testrunner.RunCucumberFeatures.beforeSuite(RunCucumberFeatures.java:53)at sun.reflect.NativeMethodAccessorImpl.invoke0(Native Method)at sun.reflect.NativeMethodAccessorImpl.invoke(Unknown Source)at sun.reflect.DelegatingMethodAccessorImpl.invoke(Unknown Source)at java.lang.reflect.Method.invoke(Unknown Source)at org.testng.internal.MethodInvocationHelper.invokeMethod(MethodInvocationHelper.java:124)at org.testng.internal.MethodInvocationHelper.invokeMethodConsideringTimeout(MethodInvocationHelper.java:59)at org.testng.internal.Invoker.invokeConfigurationMethod(Invoker.java:451)at org.testng.internal.Invoker.invokeConfigurations(Invoker.java:222)at org.testng.internal.Invoker.invokeConfigurations(Invoker.java:142)at org.testng.SuiteRunner.privateRun(SuiteRunner.java:401)at org.testng.SuiteRunner.run(SuiteRunner.java:364)at org.testng.SuiteRunnerWorker.runSuite(SuiteRunnerWorker.java:52)at org.testng.SuiteRunnerWorker.run(SuiteRunnerWorker.java:84)at org.testng.TestNG.runSuitesSequentially(TestNG.java:1187)at org.testng.TestNG.runSuitesLocally(TestNG.java:1116)at org.testng.TestNG.runSuites(TestNG.java:1028)at org.testng.TestNG.run(TestNG.java:996)at org.testng.remote.AbstractRemoteTestNG.run(AbstractRemoteTestNG.java:115)at org.testng.remote.RemoteTestNG.initAndRun(RemoteTestNG.java:251)at org.testng.remote.RemoteTestNG.main(RemoteTestNG.java:77)]]>
            </full-stacktrace>
          </exception> <!-- java.io.FileNotFoundException -->
          <reporter-output>
          </reporter-output>
        </test-method> <!-- feature -->
        <test-method status="PASS" signature="tearDownClass()[pri:0, instance:com.AutoBots.cucumber.testrunner.RunCucumberFeatures@3e77a1ed]" name="tearDownClass" is-config="true" duration-ms="2454" started-at="2019-09-28T14:01:23Z" finished-at="2019-09-28T14:01:25Z">
          <reporter-output>
          </reporter-output>
        </test-method> <!-- tearDownClass -->
      </class> <!-- com.AutoBots.cucumber.testrunner.RunCucumberFeatures -->
    </test> <!-- Subscribe APP Functionality -->
  </suite> <!-- Suite -->
</testng-results>
