<?xml version="1.0" encoding="UTF-8"?>
<!-- Generated by org.testng.reporters.JUnitReportReporter -->
<testsuite skipped="1" hostname="gurenderkush" name="com.AutoBots.cucumber.testrunner.RunCucumberFeatures" tests="2" failures="0" timestamp="28 Sep 2019 08:31:25 GMT" time="0.022" errors="1">
  <testcase name="beforeSuite" time="0.022" classname="com.AutoBots.cucumber.testrunner.RunCucumberFeatures">
    <error type="java.io.FileNotFoundException" message="D:\eclipse-workspace\AutoBots\src\main\java\com\AutoBots\resources\Debug_OR.json (The system cannot find the path specified)">
      <![CDATA[java.io.FileNotFoundException: D:\eclipse-workspace\AutoBots\src\main\java\com\AutoBots\resources\Debug_OR.json (The system cannot find the path specified)at java.io.FileInputStream.open0(Native Method)at java.io.FileInputStream.open(Unknown Source)at java.io.FileInputStream.<init>(Unknown Source)at java.io.FileInputStream.<init>(Unknown Source)at java.io.FileReader.<init>(Unknown Source)at com.AutoBots.cucumber.testrunner.RunCucumberFeatures.beforeSuite(RunCucumberFeatures.java:53)at sun.reflect.NativeMethodAccessorImpl.invoke0(Native Method)at sun.reflect.NativeMethodAccessorImpl.invoke(Unknown Source)at sun.reflect.DelegatingMethodAccessorImpl.invoke(Unknown Source)at java.lang.reflect.Method.invoke(Unknown Source)at org.testng.internal.MethodInvocationHelper.invokeMethod(MethodInvocationHelper.java:124)at org.testng.internal.MethodInvocationHelper.invokeMethodConsideringTimeout(MethodInvocationHelper.java:59)at org.testng.internal.Invoker.invokeConfigurationMethod(Invoker.java:451)at org.testng.internal.Invoker.invokeConfigurations(Invoker.java:222)at org.testng.internal.Invoker.invokeConfigurations(Invoker.java:142)at org.testng.SuiteRunner.privateRun(SuiteRunner.java:401)at org.testng.SuiteRunner.run(SuiteRunner.java:364)at org.testng.SuiteRunnerWorker.runSuite(SuiteRunnerWorker.java:52)at org.testng.SuiteRunnerWorker.run(SuiteRunnerWorker.java:84)at org.testng.TestNG.runSuitesSequentially(TestNG.java:1187)at org.testng.TestNG.runSuitesLocally(TestNG.java:1116)at org.testng.TestNG.runSuites(TestNG.java:1028)at org.testng.TestNG.run(TestNG.java:996)at org.testng.remote.AbstractRemoteTestNG.run(AbstractRemoteTestNG.java:115)at org.testng.remote.RemoteTestNG.initAndRun(RemoteTestNG.java:251)at org.testng.remote.RemoteTestNG.main(RemoteTestNG.java:77)]]>
    </error>
  </testcase> <!-- beforeSuite -->
  <testcase name="feature" time="0.000" classname="com.AutoBots.cucumber.testrunner.RunCucumberFeatures">
    <skipped/>
  </testcase> <!-- feature -->
</testsuite> <!-- com.AutoBots.cucumber.testrunner.RunCucumberFeatures -->
